<?xml version="1.0" encoding="UTF-8"?>
<!-- Generated by org.testng.reporters.JUnitXMLReporter -->
<testsuite hostname="BA10021SBORGOHA" ignored="0" name="Default test" tests="3" failures="0" timestamp="23 Mar 2017 23:26:22 GMT" time="45.618" errors="0">
  <testcase name="test1" time="0.617" classname="TestExample.Test1"/>
  <testcase name="test2" time="4.021" classname="TestExample.Test1"/>
  <testcase name="test3" time="37.451" classname="TestExample.Test1"/>
</testsuite> <!-- Default test -->
