<?xml version="1.0" encoding="UTF-8"?>
<testng-results skipped="0" failed="0" ignored="0" total="3" passed="3">
  <reporter-output>
  </reporter-output>
  <suite name="Default suite" duration-ms="45618" started-at="2017-03-23T23:25:37Z" finished-at="2017-03-23T23:26:22Z">
    <groups>
    </groups>
    <test name="Default test" duration-ms="45618" started-at="2017-03-23T23:25:37Z" finished-at="2017-03-23T23:26:22Z">
      <class name="TestExample.Test1">
        <test-method status="PASS" signature="beforeClass()[pri:0, instance:TestExample.Test1@100a15d]" name="beforeClass" is-config="true" duration-ms="3503" started-at="2017-03-23T16:25:37Z" finished-at="2017-03-23T16:25:40Z">
          <reporter-output>
          </reporter-output>
        </test-method> <!-- beforeClass -->
        <test-method status="PASS" signature="test1()[pri:0, instance:TestExample.Test1@100a15d]" name="test1" duration-ms="617" started-at="2017-03-23T16:25:40Z" finished-at="2017-03-23T16:25:41Z">
          <reporter-output>
          </reporter-output>
        </test-method> <!-- test1 -->
        <test-method status="PASS" signature="test2()[pri:0, instance:TestExample.Test1@100a15d]" name="test2" duration-ms="4021" started-at="2017-03-23T16:25:41Z" finished-at="2017-03-23T16:25:45Z">
          <reporter-output>
          </reporter-output>
        </test-method> <!-- test2 -->
        <test-method status="PASS" signature="test3()[pri:0, instance:TestExample.Test1@100a15d]" name="test3" duration-ms="37451" started-at="2017-03-23T16:25:45Z" finished-at="2017-03-23T16:26:22Z">
          <reporter-output>
          </reporter-output>
        </test-method> <!-- test3 -->
        <test-method status="PASS" signature="afterClass()[pri:0, instance:TestExample.Test1@100a15d]" name="afterClass" is-config="true" duration-ms="2" started-at="2017-03-23T16:26:22Z" finished-at="2017-03-23T16:26:22Z">
          <reporter-output>
          </reporter-output>
        </test-method> <!-- afterClass -->
      </class> <!-- TestExample.Test1 -->
    </test> <!-- Default test -->
  </suite> <!-- Default suite -->
</testng-results>
